<?xml version="1.0" encoding="UTF-8"?>
<!-- Generated by org.testng.reporters.JUnitReportReporter -->
<testsuite hostname="DESKTOP-MKOV7LM" failures="0" tests="1" name="WalletHubTest.WalletHubReviewCommentsTest" time="93.406" errors="0" timestamp="2021-01-24T14:55:37 IST" skipped="0">
  <testcase classname="WalletHubTest.WalletHubReviewCommentsTest" name="loginToFacebookAndSetStatus" time="93.406"/>
  <system-out/>
</testsuite> <!-- WalletHubTest.WalletHubReviewCommentsTest -->
