<?xml version="1.0" encoding="UTF-8"?>
<!-- Generated by org.testng.reporters.JUnitReportReporter -->
<testsuite hostname="DESKTOP-MKOV7LM" failures="0" tests="1" name="WalletHubTest.FacebookLoginTest" time="7.398" errors="0" timestamp="2021-04-02T17:35:45 IST" skipped="0">
  <testcase classname="WalletHubTest.FacebookLoginTest" name="loginToFacebookAndSetStatus" time="7.398"/>
  <system-out/>
</testsuite> <!-- WalletHubTest.FacebookLoginTest -->
