<?xml version="1.0" encoding="UTF-8"?>
<!-- Generated by org.testng.reporters.JUnitReportReporter -->
<testsuite skipped="0" hostname="DESKTOP-MKOV7LM" name="WalletHubTest.FacebookLoginTest" tests="1" failures="0" timestamp="2021-04-03T11:29:03 IST" time="5.071" errors="0">
  <testcase name="loginToFacebookAndSetStatus" time="5.071" classname="WalletHubTest.FacebookLoginTest"/>
  <system-out/>
</testsuite> <!-- WalletHubTest.FacebookLoginTest -->
